#-----------------------------------------------------------
# Vivado v2018.1 (64-bit)
# SW Build 2188600 on Wed Apr  4 18:40:38 MDT 2018
# IP Build 2185939 on Wed Apr  4 20:55:05 MDT 2018
# Start of session at: Wed May  1 16:05:34 2024
# Process ID: 4960
# Current directory: D:/NanoProcessor Final/NanoProcessor- Final Implement/NanoProcessor/NanoProcessor
# Command line: vivado.exe -gui_launcher_event rodinguilauncherevent26552 D:\NanoProcessor Final\NanoProcessor- Final Implement\NanoProcessor\NanoProcessor\NanoProcessor.xpr
# Log file: D:/NanoProcessor Final/NanoProcessor- Final Implement/NanoProcessor/NanoProcessor/vivado.log
# Journal file: D:/NanoProcessor Final/NanoProcessor- Final Implement/NanoProcessor/NanoProcessor\vivado.jou
#-----------------------------------------------------------
start_gui
open_project {D:/NanoProcessor Final/NanoProcessor- Final Implement/NanoProcessor/NanoProcessor/NanoProcessor.xpr}
INFO: [ProjectBase 1-489] The host OS only allows 260 characters in a normal path. The project is stored in a path with more than 80 characters. If you experience issues with IP, Block Designs, or files not being found, please consider moving the project to a location with a shorter path. Alternately consider using the OS subst command to map part of the path to a drive letter.
Current project path is 'D:/NanoProcessor Final/NanoProcessor- Final Implement/NanoProcessor/NanoProcessor'
Scanning sources...
Finished scanning sources
INFO: [IP_Flow 19-234] Refreshing IP repositories
INFO: [IP_Flow 19-1704] No user IP repositories specified
INFO: [IP_Flow 19-2313] Loaded Vivado IP repository 'D:/Softwares/Vivado/Vivado/2018.1/data/ip'.
open_project: Time (s): cpu = 00:00:07 ; elapsed = 00:00:12 . Memory (MB): peak = 842.309 ; gain = 97.000
update_compile_order -fileset sources_1
exit
INFO: [Common 17-206] Exiting Vivado at Wed May  1 16:21:26 2024...
