#-----------------------------------------------------------
# Vivado v2018.1 (64-bit)
# SW Build 2188600 on Wed Apr  4 18:40:38 MDT 2018
# IP Build 2185939 on Wed Apr  4 20:55:05 MDT 2018
# Start of session at: Mon Apr 29 10:19:22 2024
# Process ID: 19780
# Current directory: D:/NanoProcessor Final/NanoProcessor- Final Implement/NanoProcessor/NanoProcessor
# Command line: vivado.exe -gui_launcher_event rodinguilauncherevent23296 D:\NanoProcessor Final\NanoProcessor- Final Implement\NanoProcessor\NanoProcessor\NanoProcessor.xpr
# Log file: D:/NanoProcessor Final/NanoProcessor- Final Implement/NanoProcessor/NanoProcessor/vivado.log
# Journal file: D:/NanoProcessor Final/NanoProcessor- Final Implement/NanoProcessor/NanoProcessor\vivado.jou
#-----------------------------------------------------------
start_gui
open_project {D:/NanoProcessor Final/NanoProcessor- Final Implement/NanoProcessor/NanoProcessor/NanoProcessor.xpr}
INFO: [ProjectBase 1-489] The host OS only allows 260 characters in a normal path. The project is stored in a path with more than 80 characters. If you experience issues with IP, Block Designs, or files not being found, please consider moving the project to a location with a shorter path. Alternately consider using the OS subst command to map part of the path to a drive letter.
Current project path is 'D:/NanoProcessor Final/NanoProcessor- Final Implement/NanoProcessor/NanoProcessor'
Scanning sources...
Finished scanning sources
INFO: [IP_Flow 19-234] Refreshing IP repositories
INFO: [IP_Flow 19-1704] No user IP repositories specified
INFO: [IP_Flow 19-2313] Loaded Vivado IP repository 'D:/Softwares/Vivado/Vivado/2018.1/data/ip'.
open_project: Time (s): cpu = 00:00:09 ; elapsed = 00:00:12 . Memory (MB): peak = 866.562 ; gain = 116.387
update_compile_order -fileset sources_1
synth_design -rtl -name rtl_1
Command: synth_design -rtl -name rtl_1
Starting synth_design
Using part: xc7a35tcpg236-1
Top: NanoProcessor
---------------------------------------------------------------------------------
Starting RTL Elaboration : Time (s): cpu = 00:00:06 ; elapsed = 00:00:06 . Memory (MB): peak = 977.629 ; gain = 105.234
---------------------------------------------------------------------------------
INFO: [Synth 8-638] synthesizing module 'NanoProcessor' [D:/NanoProcessor Final/NanoProcessor- Final Implement/NanoProcessor/NanoProcessor/NanoProcessor.srcs/sources_1/new/NanoProcessor.vhd:44]
INFO: [Synth 8-3491] module 'Register_Bank' declared at 'D:/NanoProcessor Final/NanoProcessor- Final Implement/NanoProcessor/NanoProcessor/NanoProcessor.srcs/sources_1/new/Register_Bank.vhd:34' bound to instance 'RegisterBank' of component 'Register_Bank' [D:/NanoProcessor Final/NanoProcessor- Final Implement/NanoProcessor/NanoProcessor/NanoProcessor.srcs/sources_1/new/NanoProcessor.vhd:162]
INFO: [Synth 8-638] synthesizing module 'Register_Bank' [D:/NanoProcessor Final/NanoProcessor- Final Implement/NanoProcessor/NanoProcessor/NanoProcessor.srcs/sources_1/new/Register_Bank.vhd:49]
INFO: [Synth 8-3491] module 'Decoder_3_to_8' declared at 'D:/NanoProcessor Final/NanoProcessor- Final Implement/NanoProcessor/NanoProcessor/NanoProcessor.srcs/sources_1/Import/Decoder_3_to_8.vhd:34' bound to instance 'Decoder_3_to_8_0' of component 'Decoder_3_to_8' [D:/NanoProcessor Final/NanoProcessor- Final Implement/NanoProcessor/NanoProcessor/NanoProcessor.srcs/sources_1/new/Register_Bank.vhd:68]
INFO: [Synth 8-638] synthesizing module 'Decoder_3_to_8' [D:/NanoProcessor Final/NanoProcessor- Final Implement/NanoProcessor/NanoProcessor/NanoProcessor.srcs/sources_1/Import/Decoder_3_to_8.vhd:40]
INFO: [Synth 8-3491] module 'Decoder_2_to_4' declared at 'D:/NanoProcessor Final/NanoProcessor- Final Implement/NanoProcessor/NanoProcessor/NanoProcessor.srcs/sources_1/Import/Decoder_2_to_4.vhd:34' bound to instance 'Decoder_2_to_4_0' of component 'Decoder_2_to_4' [D:/NanoProcessor Final/NanoProcessor- Final Implement/NanoProcessor/NanoProcessor/NanoProcessor.srcs/sources_1/Import/Decoder_3_to_8.vhd:52]
INFO: [Synth 8-638] synthesizing module 'Decoder_2_to_4' [D:/NanoProcessor Final/NanoProcessor- Final Implement/NanoProcessor/NanoProcessor/NanoProcessor.srcs/sources_1/Import/Decoder_2_to_4.vhd:40]
INFO: [Synth 8-256] done synthesizing module 'Decoder_2_to_4' (1#1) [D:/NanoProcessor Final/NanoProcessor- Final Implement/NanoProcessor/NanoProcessor/NanoProcessor.srcs/sources_1/Import/Decoder_2_to_4.vhd:40]
INFO: [Synth 8-3491] module 'Decoder_2_to_4' declared at 'D:/NanoProcessor Final/NanoProcessor- Final Implement/NanoProcessor/NanoProcessor/NanoProcessor.srcs/sources_1/Import/Decoder_2_to_4.vhd:34' bound to instance 'Decoder_2_to_4_1' of component 'Decoder_2_to_4' [D:/NanoProcessor Final/NanoProcessor- Final Implement/NanoProcessor/NanoProcessor/NanoProcessor.srcs/sources_1/Import/Decoder_3_to_8.vhd:58]
INFO: [Synth 8-256] done synthesizing module 'Decoder_3_to_8' (2#1) [D:/NanoProcessor Final/NanoProcessor- Final Implement/NanoProcessor/NanoProcessor/NanoProcessor.srcs/sources_1/Import/Decoder_3_to_8.vhd:40]
INFO: [Synth 8-3491] module 'Reg' declared at 'D:/NanoProcessor Final/NanoProcessor- Final Implement/NanoProcessor/NanoProcessor/NanoProcessor.srcs/sources_1/Import/Reg.vhd:34' bound to instance 'Reg_0' of component 'Reg' [D:/NanoProcessor Final/NanoProcessor- Final Implement/NanoProcessor/NanoProcessor/NanoProcessor.srcs/sources_1/new/Register_Bank.vhd:74]
INFO: [Synth 8-638] synthesizing module 'Reg' [D:/NanoProcessor Final/NanoProcessor- Final Implement/NanoProcessor/NanoProcessor/NanoProcessor.srcs/sources_1/Import/Reg.vhd:42]
WARNING: [Synth 8-614] signal 'reset' is read in the process but is not in the sensitivity list [D:/NanoProcessor Final/NanoProcessor- Final Implement/NanoProcessor/NanoProcessor/NanoProcessor.srcs/sources_1/Import/Reg.vhd:45]
INFO: [Synth 8-256] done synthesizing module 'Reg' (3#1) [D:/NanoProcessor Final/NanoProcessor- Final Implement/NanoProcessor/NanoProcessor/NanoProcessor.srcs/sources_1/Import/Reg.vhd:42]
INFO: [Synth 8-3491] module 'Reg' declared at 'D:/NanoProcessor Final/NanoProcessor- Final Implement/NanoProcessor/NanoProcessor/NanoProcessor.srcs/sources_1/Import/Reg.vhd:34' bound to instance 'Reg_1' of component 'Reg' [D:/NanoProcessor Final/NanoProcessor- Final Implement/NanoProcessor/NanoProcessor/NanoProcessor.srcs/sources_1/new/Register_Bank.vhd:81]
INFO: [Synth 8-3491] module 'Reg' declared at 'D:/NanoProcessor Final/NanoProcessor- Final Implement/NanoProcessor/NanoProcessor/NanoProcessor.srcs/sources_1/Import/Reg.vhd:34' bound to instance 'Reg_2' of component 'Reg' [D:/NanoProcessor Final/NanoProcessor- Final Implement/NanoProcessor/NanoProcessor/NanoProcessor.srcs/sources_1/new/Register_Bank.vhd:88]
INFO: [Synth 8-3491] module 'Reg' declared at 'D:/NanoProcessor Final/NanoProcessor- Final Implement/NanoProcessor/NanoProcessor/NanoProcessor.srcs/sources_1/Import/Reg.vhd:34' bound to instance 'Reg_3' of component 'Reg' [D:/NanoProcessor Final/NanoProcessor- Final Implement/NanoProcessor/NanoProcessor/NanoProcessor.srcs/sources_1/new/Register_Bank.vhd:95]
INFO: [Synth 8-3491] module 'Reg' declared at 'D:/NanoProcessor Final/NanoProcessor- Final Implement/NanoProcessor/NanoProcessor/NanoProcessor.srcs/sources_1/Import/Reg.vhd:34' bound to instance 'Reg_4' of component 'Reg' [D:/NanoProcessor Final/NanoProcessor- Final Implement/NanoProcessor/NanoProcessor/NanoProcessor.srcs/sources_1/new/Register_Bank.vhd:102]
INFO: [Synth 8-3491] module 'Reg' declared at 'D:/NanoProcessor Final/NanoProcessor- Final Implement/NanoProcessor/NanoProcessor/NanoProcessor.srcs/sources_1/Import/Reg.vhd:34' bound to instance 'Reg_5' of component 'Reg' [D:/NanoProcessor Final/NanoProcessor- Final Implement/NanoProcessor/NanoProcessor/NanoProcessor.srcs/sources_1/new/Register_Bank.vhd:109]
INFO: [Synth 8-3491] module 'Reg' declared at 'D:/NanoProcessor Final/NanoProcessor- Final Implement/NanoProcessor/NanoProcessor/NanoProcessor.srcs/sources_1/Import/Reg.vhd:34' bound to instance 'Reg_6' of component 'Reg' [D:/NanoProcessor Final/NanoProcessor- Final Implement/NanoProcessor/NanoProcessor/NanoProcessor.srcs/sources_1/new/Register_Bank.vhd:116]
INFO: [Synth 8-3491] module 'Reg' declared at 'D:/NanoProcessor Final/NanoProcessor- Final Implement/NanoProcessor/NanoProcessor/NanoProcessor.srcs/sources_1/Import/Reg.vhd:34' bound to instance 'Reg_7' of component 'Reg' [D:/NanoProcessor Final/NanoProcessor- Final Implement/NanoProcessor/NanoProcessor/NanoProcessor.srcs/sources_1/new/Register_Bank.vhd:123]
INFO: [Synth 8-256] done synthesizing module 'Register_Bank' (4#1) [D:/NanoProcessor Final/NanoProcessor- Final Implement/NanoProcessor/NanoProcessor/NanoProcessor.srcs/sources_1/new/Register_Bank.vhd:49]
INFO: [Synth 8-3491] module 'Adder_Subtractor_4bit' declared at 'D:/NanoProcessor Final/NanoProcessor- Final Implement/NanoProcessor/NanoProcessor/NanoProcessor.srcs/sources_1/new/Adder_Subtractor_4bit.vhd:14' bound to instance 'AdderSubtractor' of component 'Adder_Subtractor_4bit' [D:/NanoProcessor Final/NanoProcessor- Final Implement/NanoProcessor/NanoProcessor/NanoProcessor.srcs/sources_1/new/NanoProcessor.vhd:177]
INFO: [Synth 8-638] synthesizing module 'Adder_Subtractor_4bit' [D:/NanoProcessor Final/NanoProcessor- Final Implement/NanoProcessor/NanoProcessor/NanoProcessor.srcs/sources_1/new/Adder_Subtractor_4bit.vhd:25]
INFO: [Synth 8-3491] module 'FA' declared at 'D:/NanoProcessor Final/NanoProcessor- Final Implement/NanoProcessor/NanoProcessor/NanoProcessor.srcs/sources_1/Import/FA.vhd:34' bound to instance 'FA_0' of component 'FA' [D:/NanoProcessor Final/NanoProcessor- Final Implement/NanoProcessor/NanoProcessor/NanoProcessor.srcs/sources_1/new/Adder_Subtractor_4bit.vhd:40]
INFO: [Synth 8-638] synthesizing module 'FA' [D:/NanoProcessor Final/NanoProcessor- Final Implement/NanoProcessor/NanoProcessor/NanoProcessor.srcs/sources_1/Import/FA.vhd:42]
INFO: [Synth 8-3491] module 'HA' declared at 'D:/NanoProcessor Final/NanoProcessor- Final Implement/NanoProcessor/NanoProcessor/NanoProcessor.srcs/sources_1/Import/HA.vhd:34' bound to instance 'HA_0' of component 'HA' [D:/NanoProcessor Final/NanoProcessor- Final Implement/NanoProcessor/NanoProcessor/NanoProcessor.srcs/sources_1/Import/FA.vhd:53]
INFO: [Synth 8-638] synthesizing module 'HA' [D:/NanoProcessor Final/NanoProcessor- Final Implement/NanoProcessor/NanoProcessor/NanoProcessor.srcs/sources_1/Import/HA.vhd:41]
INFO: [Synth 8-256] done synthesizing module 'HA' (5#1) [D:/NanoProcessor Final/NanoProcessor- Final Implement/NanoProcessor/NanoProcessor/NanoProcessor.srcs/sources_1/Import/HA.vhd:41]
INFO: [Synth 8-3491] module 'HA' declared at 'D:/NanoProcessor Final/NanoProcessor- Final Implement/NanoProcessor/NanoProcessor/NanoProcessor.srcs/sources_1/Import/HA.vhd:34' bound to instance 'HA_1' of component 'HA' [D:/NanoProcessor Final/NanoProcessor- Final Implement/NanoProcessor/NanoProcessor/NanoProcessor.srcs/sources_1/Import/FA.vhd:59]
INFO: [Synth 8-256] done synthesizing module 'FA' (6#1) [D:/NanoProcessor Final/NanoProcessor- Final Implement/NanoProcessor/NanoProcessor/NanoProcessor.srcs/sources_1/Import/FA.vhd:42]
INFO: [Synth 8-3491] module 'FA' declared at 'D:/NanoProcessor Final/NanoProcessor- Final Implement/NanoProcessor/NanoProcessor/NanoProcessor.srcs/sources_1/Import/FA.vhd:34' bound to instance 'FA_1' of component 'FA' [D:/NanoProcessor Final/NanoProcessor- Final Implement/NanoProcessor/NanoProcessor/NanoProcessor.srcs/sources_1/new/Adder_Subtractor_4bit.vhd:48]
INFO: [Synth 8-3491] module 'FA' declared at 'D:/NanoProcessor Final/NanoProcessor- Final Implement/NanoProcessor/NanoProcessor/NanoProcessor.srcs/sources_1/Import/FA.vhd:34' bound to instance 'FA_2' of component 'FA' [D:/NanoProcessor Final/NanoProcessor- Final Implement/NanoProcessor/NanoProcessor/NanoProcessor.srcs/sources_1/new/Adder_Subtractor_4bit.vhd:56]
INFO: [Synth 8-3491] module 'FA' declared at 'D:/NanoProcessor Final/NanoProcessor- Final Implement/NanoProcessor/NanoProcessor/NanoProcessor.srcs/sources_1/Import/FA.vhd:34' bound to instance 'FA_3' of component 'FA' [D:/NanoProcessor Final/NanoProcessor- Final Implement/NanoProcessor/NanoProcessor/NanoProcessor.srcs/sources_1/new/Adder_Subtractor_4bit.vhd:64]
INFO: [Synth 8-256] done synthesizing module 'Adder_Subtractor_4bit' (7#1) [D:/NanoProcessor Final/NanoProcessor- Final Implement/NanoProcessor/NanoProcessor/NanoProcessor.srcs/sources_1/new/Adder_Subtractor_4bit.vhd:25]
INFO: [Synth 8-3491] module 'Program_Counter' declared at 'D:/NanoProcessor Final/NanoProcessor- Final Implement/NanoProcessor/NanoProcessor/NanoProcessor.srcs/sources_1/new/Program_Counter.vhd:34' bound to instance 'ProgramCounter' of component 'Program_Counter' [D:/NanoProcessor Final/NanoProcessor- Final Implement/NanoProcessor/NanoProcessor/NanoProcessor.srcs/sources_1/new/NanoProcessor.vhd:188]
INFO: [Synth 8-638] synthesizing module 'Program_Counter' [D:/NanoProcessor Final/NanoProcessor- Final Implement/NanoProcessor/NanoProcessor/NanoProcessor.srcs/sources_1/new/Program_Counter.vhd:41]
INFO: [Synth 8-3491] module 'D_FF' declared at 'D:/NanoProcessor Final/NanoProcessor- Final Implement/NanoProcessor/NanoProcessor/NanoProcessor.srcs/sources_1/Import/D_FF.vhd:7' bound to instance 'D_FF0' of component 'D_FF' [D:/NanoProcessor Final/NanoProcessor- Final Implement/NanoProcessor/NanoProcessor/NanoProcessor.srcs/sources_1/new/Program_Counter.vhd:53]
INFO: [Synth 8-638] synthesizing module 'D_FF' [D:/NanoProcessor Final/NanoProcessor- Final Implement/NanoProcessor/NanoProcessor/NanoProcessor.srcs/sources_1/Import/D_FF.vhd:15]
INFO: [Synth 8-256] done synthesizing module 'D_FF' (8#1) [D:/NanoProcessor Final/NanoProcessor- Final Implement/NanoProcessor/NanoProcessor/NanoProcessor.srcs/sources_1/Import/D_FF.vhd:15]
INFO: [Synth 8-3491] module 'D_FF' declared at 'D:/NanoProcessor Final/NanoProcessor- Final Implement/NanoProcessor/NanoProcessor/NanoProcessor.srcs/sources_1/Import/D_FF.vhd:7' bound to instance 'D_FF1' of component 'D_FF' [D:/NanoProcessor Final/NanoProcessor- Final Implement/NanoProcessor/NanoProcessor/NanoProcessor.srcs/sources_1/new/Program_Counter.vhd:60]
INFO: [Synth 8-3491] module 'D_FF' declared at 'D:/NanoProcessor Final/NanoProcessor- Final Implement/NanoProcessor/NanoProcessor/NanoProcessor.srcs/sources_1/Import/D_FF.vhd:7' bound to instance 'D_FF2' of component 'D_FF' [D:/NanoProcessor Final/NanoProcessor- Final Implement/NanoProcessor/NanoProcessor/NanoProcessor.srcs/sources_1/new/Program_Counter.vhd:67]
INFO: [Synth 8-256] done synthesizing module 'Program_Counter' (9#1) [D:/NanoProcessor Final/NanoProcessor- Final Implement/NanoProcessor/NanoProcessor/NanoProcessor.srcs/sources_1/new/Program_Counter.vhd:41]
INFO: [Synth 8-3491] module 'adder_3_bit' declared at 'D:/NanoProcessor Final/NanoProcessor- Final Implement/NanoProcessor/NanoProcessor/NanoProcessor.srcs/sources_1/new/adder_3_bit.vhd:34' bound to instance 'Bit3_Adder' of component 'adder_3_bit' [D:/NanoProcessor Final/NanoProcessor- Final Implement/NanoProcessor/NanoProcessor/NanoProcessor.srcs/sources_1/new/NanoProcessor.vhd:196]
INFO: [Synth 8-638] synthesizing module 'adder_3_bit' [D:/NanoProcessor Final/NanoProcessor- Final Implement/NanoProcessor/NanoProcessor/NanoProcessor.srcs/sources_1/new/adder_3_bit.vhd:39]
INFO: [Synth 8-3491] module 'FA' declared at 'D:/NanoProcessor Final/NanoProcessor- Final Implement/NanoProcessor/NanoProcessor/NanoProcessor.srcs/sources_1/Import/FA.vhd:34' bound to instance 'FA_0' of component 'FA' [D:/NanoProcessor Final/NanoProcessor- Final Implement/NanoProcessor/NanoProcessor/NanoProcessor.srcs/sources_1/new/adder_3_bit.vhd:54]
INFO: [Synth 8-3491] module 'FA' declared at 'D:/NanoProcessor Final/NanoProcessor- Final Implement/NanoProcessor/NanoProcessor/NanoProcessor.srcs/sources_1/Import/FA.vhd:34' bound to instance 'FA_1' of component 'FA' [D:/NanoProcessor Final/NanoProcessor- Final Implement/NanoProcessor/NanoProcessor/NanoProcessor.srcs/sources_1/new/adder_3_bit.vhd:61]
INFO: [Synth 8-3491] module 'FA' declared at 'D:/NanoProcessor Final/NanoProcessor- Final Implement/NanoProcessor/NanoProcessor/NanoProcessor.srcs/sources_1/Import/FA.vhd:34' bound to instance 'FA_2' of component 'FA' [D:/NanoProcessor Final/NanoProcessor- Final Implement/NanoProcessor/NanoProcessor/NanoProcessor.srcs/sources_1/new/adder_3_bit.vhd:68]
INFO: [Synth 8-256] done synthesizing module 'adder_3_bit' (10#1) [D:/NanoProcessor Final/NanoProcessor- Final Implement/NanoProcessor/NanoProcessor/NanoProcessor.srcs/sources_1/new/adder_3_bit.vhd:39]
INFO: [Synth 8-3491] module 'MUX_8_to_1' declared at 'D:/NanoProcessor Final/NanoProcessor- Final Implement/NanoProcessor/NanoProcessor/NanoProcessor.srcs/sources_1/new/MUX_8_to_1_4_bit.vhd:31' bound to instance 'MUX_8_to_1_one' of component 'MUX_8_to_1' [D:/NanoProcessor Final/NanoProcessor- Final Implement/NanoProcessor/NanoProcessor/NanoProcessor.srcs/sources_1/new/NanoProcessor.vhd:201]
INFO: [Synth 8-638] synthesizing module 'MUX_8_to_1' [D:/NanoProcessor Final/NanoProcessor- Final Implement/NanoProcessor/NanoProcessor/NanoProcessor.srcs/sources_1/new/MUX_8_to_1_4_bit.vhd:45]
INFO: [Synth 8-3491] module 'Decoder_3_to_8' declared at 'D:/NanoProcessor Final/NanoProcessor- Final Implement/NanoProcessor/NanoProcessor/NanoProcessor.srcs/sources_1/Import/Decoder_3_to_8.vhd:34' bound to instance 'Decoder_3_to_8_0' of component 'Decoder_3_to_8' [D:/NanoProcessor Final/NanoProcessor- Final Implement/NanoProcessor/NanoProcessor/NanoProcessor.srcs/sources_1/new/MUX_8_to_1_4_bit.vhd:56]
INFO: [Synth 8-256] done synthesizing module 'MUX_8_to_1' (11#1) [D:/NanoProcessor Final/NanoProcessor- Final Implement/NanoProcessor/NanoProcessor/NanoProcessor.srcs/sources_1/new/MUX_8_to_1_4_bit.vhd:45]
INFO: [Synth 8-3491] module 'MUX_8_to_1' declared at 'D:/NanoProcessor Final/NanoProcessor- Final Implement/NanoProcessor/NanoProcessor/NanoProcessor.srcs/sources_1/new/MUX_8_to_1_4_bit.vhd:31' bound to instance 'MUX_8_to_1_two' of component 'MUX_8_to_1' [D:/NanoProcessor Final/NanoProcessor- Final Implement/NanoProcessor/NanoProcessor/NanoProcessor.srcs/sources_1/new/NanoProcessor.vhd:214]
WARNING: [Synth 8-5640] Port 'compen' is missing in component declaration [D:/NanoProcessor Final/NanoProcessor- Final Implement/NanoProcessor/NanoProcessor/NanoProcessor.srcs/sources_1/new/NanoProcessor.vhd:104]
INFO: [Synth 8-3491] module 'Instruction_Decoder' declared at 'D:/NanoProcessor Final/NanoProcessor- Final Implement/NanoProcessor/NanoProcessor/NanoProcessor.srcs/sources_1/new/Instruction_Decoder.vhd:29' bound to instance 'InstructionDecoder' of component 'Instruction_Decoder' [D:/NanoProcessor Final/NanoProcessor- Final Implement/NanoProcessor/NanoProcessor/NanoProcessor.srcs/sources_1/new/NanoProcessor.vhd:227]
INFO: [Synth 8-638] synthesizing module 'Instruction_Decoder' [D:/NanoProcessor Final/NanoProcessor- Final Implement/NanoProcessor/NanoProcessor/NanoProcessor.srcs/sources_1/new/Instruction_Decoder.vhd:45]
INFO: [Synth 8-256] done synthesizing module 'Instruction_Decoder' (12#1) [D:/NanoProcessor Final/NanoProcessor- Final Implement/NanoProcessor/NanoProcessor/NanoProcessor.srcs/sources_1/new/Instruction_Decoder.vhd:45]
INFO: [Synth 8-3491] module 'MUX_2_to_1_3bit' declared at 'D:/NanoProcessor Final/NanoProcessor- Final Implement/NanoProcessor/NanoProcessor/NanoProcessor.srcs/sources_1/new/MUX_2_to_1_3_bit.vhd:31' bound to instance 'MUX_3bit' of component 'MUX_2_to_1_3bit' [D:/NanoProcessor Final/NanoProcessor- Final Implement/NanoProcessor/NanoProcessor/NanoProcessor.srcs/sources_1/new/NanoProcessor.vhd:242]
INFO: [Synth 8-638] synthesizing module 'MUX_2_to_1_3bit' [D:/NanoProcessor Final/NanoProcessor- Final Implement/NanoProcessor/NanoProcessor/NanoProcessor.srcs/sources_1/new/MUX_2_to_1_3_bit.vhd:38]
INFO: [Synth 8-256] done synthesizing module 'MUX_2_to_1_3bit' (13#1) [D:/NanoProcessor Final/NanoProcessor- Final Implement/NanoProcessor/NanoProcessor/NanoProcessor.srcs/sources_1/new/MUX_2_to_1_3_bit.vhd:38]
INFO: [Synth 8-3491] module 'MUX_2_to_1_4bit' declared at 'D:/NanoProcessor Final/NanoProcessor- Final Implement/NanoProcessor/NanoProcessor/NanoProcessor.srcs/sources_1/new/MUX_2_to_1_4_bit.vhd:31' bound to instance 'MUX_4bit' of component 'MUX_2_to_1_4bit' [D:/NanoProcessor Final/NanoProcessor- Final Implement/NanoProcessor/NanoProcessor/NanoProcessor.srcs/sources_1/new/NanoProcessor.vhd:250]
INFO: [Synth 8-638] synthesizing module 'MUX_2_to_1_4bit' [D:/NanoProcessor Final/NanoProcessor- Final Implement/NanoProcessor/NanoProcessor/NanoProcessor.srcs/sources_1/new/MUX_2_to_1_4_bit.vhd:40]
INFO: [Synth 8-256] done synthesizing module 'MUX_2_to_1_4bit' (14#1) [D:/NanoProcessor Final/NanoProcessor- Final Implement/NanoProcessor/NanoProcessor/NanoProcessor.srcs/sources_1/new/MUX_2_to_1_4_bit.vhd:40]
INFO: [Synth 8-3491] module 'ROM' declared at 'D:/NanoProcessor Final/NanoProcessor- Final Implement/NanoProcessor/NanoProcessor/NanoProcessor.srcs/sources_1/new/ROM.vhd:35' bound to instance 'RO_M' of component 'ROM' [D:/NanoProcessor Final/NanoProcessor- Final Implement/NanoProcessor/NanoProcessor/NanoProcessor.srcs/sources_1/new/NanoProcessor.vhd:259]
INFO: [Synth 8-638] synthesizing module 'ROM' [D:/NanoProcessor Final/NanoProcessor- Final Implement/NanoProcessor/NanoProcessor/NanoProcessor.srcs/sources_1/new/ROM.vhd:40]
INFO: [Synth 8-256] done synthesizing module 'ROM' (15#1) [D:/NanoProcessor Final/NanoProcessor- Final Implement/NanoProcessor/NanoProcessor/NanoProcessor.srcs/sources_1/new/ROM.vhd:40]
INFO: [Synth 8-3491] module 'LUT_16_7' declared at 'D:/NanoProcessor Final/NanoProcessor- Final Implement/NanoProcessor/NanoProcessor/NanoProcessor.srcs/sources_1/Import/LUT_16_7.vhd:35' bound to instance 'LUT' of component 'LUT_16_7' [D:/NanoProcessor Final/NanoProcessor- Final Implement/NanoProcessor/NanoProcessor/NanoProcessor.srcs/sources_1/new/NanoProcessor.vhd:265]
INFO: [Synth 8-638] synthesizing module 'LUT_16_7' [D:/NanoProcessor Final/NanoProcessor- Final Implement/NanoProcessor/NanoProcessor/NanoProcessor.srcs/sources_1/Import/LUT_16_7.vhd:40]
INFO: [Synth 8-256] done synthesizing module 'LUT_16_7' (16#1) [D:/NanoProcessor Final/NanoProcessor- Final Implement/NanoProcessor/NanoProcessor/NanoProcessor.srcs/sources_1/Import/LUT_16_7.vhd:40]
INFO: [Synth 8-3491] module 'Comparator' declared at 'D:/NanoProcessor Final/NanoProcessor- Final Implement/NanoProcessor/NanoProcessor/NanoProcessor.srcs/sources_1/new/Comparator.vhd:34' bound to instance 'Comparator_0' of component 'Comparator' [D:/NanoProcessor Final/NanoProcessor- Final Implement/NanoProcessor/NanoProcessor/NanoProcessor.srcs/sources_1/new/NanoProcessor.vhd:270]
INFO: [Synth 8-638] synthesizing module 'Comparator' [D:/NanoProcessor Final/NanoProcessor- Final Implement/NanoProcessor/NanoProcessor/NanoProcessor.srcs/sources_1/new/Comparator.vhd:42]
WARNING: [Synth 8-614] signal 'CompEN' is read in the process but is not in the sensitivity list [D:/NanoProcessor Final/NanoProcessor- Final Implement/NanoProcessor/NanoProcessor/NanoProcessor.srcs/sources_1/new/Comparator.vhd:46]
INFO: [Synth 8-256] done synthesizing module 'Comparator' (17#1) [D:/NanoProcessor Final/NanoProcessor- Final Implement/NanoProcessor/NanoProcessor/NanoProcessor.srcs/sources_1/new/Comparator.vhd:42]
INFO: [Synth 8-3491] module 'Slow_clk' declared at 'D:/NanoProcessor Final/NanoProcessor- Final Implement/NanoProcessor/NanoProcessor/NanoProcessor.srcs/sources_1/Import/Slow_clk.vhd:34' bound to instance 'SlowClk' of component 'Slow_clk' [D:/NanoProcessor Final/NanoProcessor- Final Implement/NanoProcessor/NanoProcessor/NanoProcessor.srcs/sources_1/new/NanoProcessor.vhd:276]
INFO: [Synth 8-638] synthesizing module 'Slow_clk' [D:/NanoProcessor Final/NanoProcessor- Final Implement/NanoProcessor/NanoProcessor/NanoProcessor.srcs/sources_1/Import/Slow_clk.vhd:39]
INFO: [Synth 8-256] done synthesizing module 'Slow_clk' (18#1) [D:/NanoProcessor Final/NanoProcessor- Final Implement/NanoProcessor/NanoProcessor/NanoProcessor.srcs/sources_1/Import/Slow_clk.vhd:39]
INFO: [Synth 8-256] done synthesizing module 'NanoProcessor' (19#1) [D:/NanoProcessor Final/NanoProcessor- Final Implement/NanoProcessor/NanoProcessor/NanoProcessor.srcs/sources_1/new/NanoProcessor.vhd:44]
WARNING: [Synth 8-3917] design NanoProcessor has port Anode[3] driven by constant 1
WARNING: [Synth 8-3917] design NanoProcessor has port Anode[2] driven by constant 1
WARNING: [Synth 8-3917] design NanoProcessor has port Anode[1] driven by constant 1
WARNING: [Synth 8-3917] design NanoProcessor has port Anode[0] driven by constant 0
---------------------------------------------------------------------------------
Finished RTL Elaboration : Time (s): cpu = 00:00:07 ; elapsed = 00:00:07 . Memory (MB): peak = 1021.316 ; gain = 148.922
---------------------------------------------------------------------------------

Report Check Netlist: 
+------+------------------+-------+---------+-------+------------------+
|      |Item              |Errors |Warnings |Status |Description       |
+------+------------------+-------+---------+-------+------------------+
|1     |multi_driven_nets |      0|        0|Passed |Multi driven nets |
+------+------------------+-------+---------+-------+------------------+
---------------------------------------------------------------------------------
Start Handling Custom Attributes
---------------------------------------------------------------------------------
---------------------------------------------------------------------------------
Finished Handling Custom Attributes : Time (s): cpu = 00:00:07 ; elapsed = 00:00:08 . Memory (MB): peak = 1021.316 ; gain = 148.922
---------------------------------------------------------------------------------
---------------------------------------------------------------------------------
Finished RTL Optimization Phase 1 : Time (s): cpu = 00:00:07 ; elapsed = 00:00:08 . Memory (MB): peak = 1021.316 ; gain = 148.922
---------------------------------------------------------------------------------
INFO: [Device 21-403] Loading part xc7a35tcpg236-1
INFO: [Project 1-570] Preparing netlist for logic optimization
INFO: [Opt 31-141] Inserted 4 OBUFs to IO ports without IO buffers.

Processing XDC Constraints
Initializing timing engine
Parsing XDC File [D:/NanoProcessor Final/NanoProcessor- Final Implement/NanoProcessor/NanoProcessor/Basys.xdc]
Finished Parsing XDC File [D:/NanoProcessor Final/NanoProcessor- Final Implement/NanoProcessor/NanoProcessor/Basys.xdc]
Completed Processing XDC Constraints

INFO: [Opt 31-138] Pushed 0 inverter(s) to 0 load pin(s).
INFO: [Project 1-111] Unisim Transformation Summary:
No Unisim elements were transformed.

RTL Elaboration Complete:  : Time (s): cpu = 00:00:18 ; elapsed = 00:00:20 . Memory (MB): peak = 1361.016 ; gain = 488.621
80 Infos, 7 Warnings, 0 Critical Warnings and 0 Errors encountered.
synth_design completed successfully
synth_design: Time (s): cpu = 00:00:18 ; elapsed = 00:00:21 . Memory (MB): peak = 1361.016 ; gain = 488.621
launch_simulation
INFO: [Vivado 12-5682] Launching behavioral simulation in 'D:/NanoProcessor Final/NanoProcessor- Final Implement/NanoProcessor/NanoProcessor/NanoProcessor.sim/sim_1/behav/xsim'
INFO: [SIM-utils-51] Simulation object is 'sim_1'
INFO: [SIM-utils-54] Inspecting design source files for 'TB_Microprocessor' in fileset 'sim_1'...
INFO: [USF-XSim-97] Finding global include files...
INFO: [USF-XSim-98] Fetching design files from 'sim_1'...
INFO: [USF-XSim-2] XSim::Compile design
INFO: [USF-XSim-61] Executing 'COMPILE and ANALYZE' step in 'D:/NanoProcessor Final/NanoProcessor- Final Implement/NanoProcessor/NanoProcessor/NanoProcessor.sim/sim_1/behav/xsim'
"xvhdl --incr --relax -prj TB_Microprocessor_vhdl.prj"
INFO: [USF-XSim-69] 'compile' step finished in '2' seconds
INFO: [USF-XSim-3] XSim::Elaborate design
INFO: [USF-XSim-61] Executing 'ELABORATE' step in 'D:/NanoProcessor Final/NanoProcessor- Final Implement/NanoProcessor/NanoProcessor/NanoProcessor.sim/sim_1/behav/xsim'
Vivado Simulator 2018.1
Copyright 1986-1999, 2001-2017 Xilinx, Inc. All Rights Reserved.
Running: D:/Softwares/Vivado/Vivado/2018.1/bin/unwrapped/win64.o/xelab.exe -wto 077b93c6ecce45ecbfaafd4afad2a3ae --incr --debug typical --relax --mt 2 -L xil_defaultlib -L secureip --snapshot TB_Microprocessor_behav xil_defaultlib.TB_Microprocessor -log elaborate.log 
Using 2 slave threads.
Starting static elaboration
Completed static elaboration
INFO: [XSIM 43-4323] No Change in HDL. Linking previously generated obj files to create kernel
INFO: [USF-XSim-69] 'elaborate' step finished in '2' seconds
INFO: [USF-XSim-4] XSim::Simulate design
INFO: [USF-XSim-61] Executing 'SIMULATE' step in 'D:/NanoProcessor Final/NanoProcessor- Final Implement/NanoProcessor/NanoProcessor/NanoProcessor.sim/sim_1/behav/xsim'
INFO: [USF-XSim-98] *** Running xsim
   with args "TB_Microprocessor_behav -key {Behavioral:sim_1:Functional:TB_Microprocessor} -tclbatch {TB_Microprocessor.tcl} -log {simulate.log}"
INFO: [USF-XSim-8] Loading simulator feature
Vivado Simulator 2018.1
Time resolution is 1 ps
source TB_Microprocessor.tcl
# set curr_wave [current_wave_config]
# if { [string length $curr_wave] == 0 } {
#   if { [llength [get_objects]] > 0} {
#     add_wave /
#     set_property needs_save false [current_wave_config]
#   } else {
#      send_msg_id Add_Wave-1 WARNING "No top level signals found. Simulator will start without a wave window. If you want to open a wave window go to 'File->New Waveform Configuration' or type 'create_wave_config' in the TCL console."
#   }
# }
# run 1000ns
INFO: [USF-XSim-96] XSim completed. Design snapshot 'TB_Microprocessor_behav' loaded.
INFO: [USF-XSim-97] XSim simulation ran for 1000ns
launch_simulation: Time (s): cpu = 00:00:03 ; elapsed = 00:00:08 . Memory (MB): peak = 1370.922 ; gain = 9.074
close_sim
INFO: [Simtcl 6-16] Simulation closed
exit
INFO: [Common 17-206] Exiting Vivado at Mon Apr 29 10:28:35 2024...
