Copyright 1986-2018 Xilinx, Inc. All Rights Reserved.
------------------------------------------------------------------------------------------
| Tool Version : Vivado v.2018.1 (win64) Build 2188600 Wed Apr  4 18:40:38 MDT 2018
| Date         : Fri May  3 01:21:58 2024
| Host         : Tiran running 64-bit major release  (build 9200)
| Command      : report_control_sets -verbose -file NanoProcessor_control_sets_placed.rpt
| Design       : NanoProcessor
| Device       : xc7a35t
------------------------------------------------------------------------------------------

Control Set Information

Table of Contents
-----------------
1. Summary
2. Histogram
3. Flip-Flop Distribution
4. Detailed Control Set Information

1. Summary
----------

+----------------------------------------------------------+-------+
|                          Status                          | Count |
+----------------------------------------------------------+-------+
| Number of unique control sets                            |    10 |
| Unused register locations in slices containing registers |    37 |
+----------------------------------------------------------+-------+


2. Histogram
------------

+--------+--------------+
| Fanout | Control Sets |
+--------+--------------+
|      1 |            1 |
|      2 |            1 |
|      3 |            2 |
|      4 |            3 |
|      6 |            1 |
|      8 |            1 |
|    16+ |            1 |
+--------+--------------+


3. Flip-Flop Distribution
-------------------------

+--------------+-----------------------+------------------------+-----------------+--------------+
| Clock Enable | Synchronous Set/Reset | Asynchronous Set/Reset | Total Registers | Total Slices |
+--------------+-----------------------+------------------------+-----------------+--------------+
| No           | No                    | No                     |              19 |           11 |
| No           | No                    | Yes                    |               0 |            0 |
| No           | Yes                   | No                     |              32 |            8 |
| Yes          | No                    | No                     |               0 |            0 |
| Yes          | No                    | Yes                    |              16 |            6 |
| Yes          | Yes                   | No                     |               0 |            0 |
+--------------+-----------------------+------------------------+-----------------+--------------+


4. Detailed Control Set Information
-----------------------------------

+-------------------------------------+---------------------------------+------------------+------------------+----------------+
|             Clock Signal            |          Enable Signal          | Set/Reset Signal | Slice Load Count | Bel Load Count |
+-------------------------------------+---------------------------------+------------------+------------------+----------------+
|  ProgramCounter/D_FF2/Q_reg[3]      |                                 |                  |                1 |              1 |
|  Clk_IBUF_BUFG                      |                                 |                  |                1 |              2 |
|  ProgramCounter/D_FF0/Q_reg[3]_1    |                                 |                  |                2 |              3 |
|  Clk_out_BUFG                       |                                 |                  |                3 |              3 |
|  ProgramCounter/D_FF0/Q_reg[3]_0[0] |                                 |                  |                1 |              4 |
|  Clk_out_BUFG                       | ProgramCounter/D_FF1/out_Dec[0] | Reset_IBUF       |                2 |              4 |
|  Clk_out_BUFG                       | ProgramCounter/D_FF1/out_Dec[1] | Reset_IBUF       |                1 |              4 |
|  ProgramCounter/D_FF1/E[0]          |                                 |                  |                3 |              6 |
|  Clk_out_BUFG                       | ProgramCounter/D_FF1/out_Dec[2] | Reset_IBUF       |                3 |              8 |
|  Clk_IBUF_BUFG                      |                                 | SlowClk/clear    |                8 |             32 |
+-------------------------------------+---------------------------------+------------------+------------------+----------------+


